#
# A fatal error has been detected by the Java Runtime Environment:
#
#  SIGSEGV (0xb) at pc=0x00007efecc899bca, pid=72, tid=149
#
# JRE version: OpenJDK Runtime Environment (17.0.4+8) (build 17.0.4+8-Ubuntu-122.04)
# Java VM: OpenJDK 64-Bit Server VM (17.0.4+8-Ubuntu-122.04, mixed mode, sharing, tiered, compressed oops, compressed class ptrs, g1 gc, linux-amd64)
# Problematic frame:
# C  [libnvwgf2umx.so+0x2869bca]
#
# No core dump will be written. Core dumps have been disabled. To enable core dumping, try "ulimit -c unlimited" before starting Java again
#
# If you would like to submit a bug report, please visit:
#   Unknown
#

---------------  S U M M A R Y ------------

Command Line: -Dclassworlds.conf=/usr/share/maven/bin/m2.conf -Dmaven.home=/usr/share/maven -Dlibrary.jansi.path=/usr/share/maven/lib/jansi-native -Dmaven.multiModuleProjectDirectory=/mnt/d/work/code/vscode/java/myProjectJava/JavaFx org.codehaus.plexus.classworlds.launcher.Launcher exec:java -Dexec.mainClass=javafx.com.myproject.javase.HelloApplication

Host: Intel(R) Core(TM) i7-8750H CPU @ 2.20GHz, 12 cores, 7G, Ubuntu 22.04.1 LTS
Time: Thu Nov 17 10:16:54 2022 CST elapsed time: 274.564175 seconds (0d 0h 4m 34s)

---------------  T H R E A D  ---------------

